<?xml version="1.0" encoding="UTF-8"?>
<!-- Generated by org.testng.reporters.JUnitXMLReporter -->
<testsuite ignored="0" hostname="FCU-NBK859" failures="0" tests="6" name="Default test" time="5.378" errors="0" timestamp="2023-04-13T10:55:26 MESZ">
  <testcase classname="api.test.DDTests" name="testPostuser" time="1.746"/>
  <testcase classname="api.test.DDTests" name="testPostuser" time="0.573"/>
  <testcase classname="api.test.DDTests" name="testPostuser" time="0.572"/>
  <testcase classname="api.test.DDTests" name="testDeleteUserByName" time="0.585"/>
  <testcase classname="api.test.DDTests" name="testDeleteUserByName" time="0.568"/>
  <testcase classname="api.test.DDTests" name="testDeleteUserByName" time="0.556"/>
</testsuite> <!-- Default test -->
