<?xml version="1.0" encoding="UTF-8"?>
<!-- Generated by org.testng.reporters.JUnitXMLReporter -->
<testsuite ignored="0" hostname="FCU-NBK859" failures="0" tests="4" name="Test" time="4.661" errors="0" timestamp="2023-04-13T13:59:17 MESZ">
  <testcase classname="api.test.UserTests" name="testPostUser" time="1.651"/>
  <testcase classname="api.test.UserTests" name="testGetUserByName" time="0.611"/>
  <testcase classname="api.test.UserTests" name="testUpdateUserByName" time="1.18"/>
  <testcase classname="api.test.UserTests" name="testDeleteUserByName" time="0.577"/>
</testsuite> <!-- Test -->
