<?xml version="1.0" encoding="UTF-8"?>
<!-- Generated by org.testng.reporters.JUnitXMLReporter -->
<testsuite ignored="0" hostname="FCU-NBK859" failures="0" tests="4" name="Test" time="4.373" errors="0" timestamp="2023-04-14T10:54:32 MESZ">
  <testcase classname="api.test.UserTests" name="testPostUser" time="1.476"/>
  <testcase classname="api.test.UserTests" name="testGetUserByName" time="0.581"/>
  <testcase classname="api.test.UserTests" name="testUpdateUserByName" time="1.163"/>
  <testcase classname="api.test.UserTests" name="testDeleteUserByName" time="0.57"/>
</testsuite> <!-- Test -->
