<?xml version="1.0" encoding="UTF-8"?>
<testng-results ignored="0" total="4" passed="4" failed="0" skipped="0">
  <reporter-output>
  </reporter-output>
  <suite started-at="2023-04-14T10:54:28 MESZ" name="Suite" finished-at="2023-04-14T10:54:32 MESZ" duration-ms="4373">
    <groups>
    </groups>
    <test started-at="2023-04-14T10:54:28 MESZ" name="Test" finished-at="2023-04-14T10:54:32 MESZ" duration-ms="4373">
      <class name="api.test.UserTests">
        <test-method is-config="true" signature="setup()[pri:0, instance:api.test.UserTests@35ef1869]" started-at="2023-04-14T10:54:28 MESZ" name="setup" finished-at="2023-04-14T10:54:28 MESZ" duration-ms="449" status="PASS">
          <reporter-output>
          </reporter-output>
        </test-method> <!-- setup -->
        <test-method signature="testPostUser()[pri:1, instance:api.test.UserTests@35ef1869]" started-at="2023-04-14T10:54:28 MESZ" name="testPostUser" finished-at="2023-04-14T10:54:30 MESZ" duration-ms="1476" status="PASS">
          <reporter-output>
          </reporter-output>
        </test-method> <!-- testPostUser -->
        <test-method signature="testGetUserByName()[pri:2, instance:api.test.UserTests@35ef1869]" started-at="2023-04-14T10:54:30 MESZ" name="testGetUserByName" finished-at="2023-04-14T10:54:30 MESZ" duration-ms="581" status="PASS">
          <reporter-output>
          </reporter-output>
        </test-method> <!-- testGetUserByName -->
        <test-method signature="testUpdateUserByName()[pri:3, instance:api.test.UserTests@35ef1869]" started-at="2023-04-14T10:54:30 MESZ" name="testUpdateUserByName" finished-at="2023-04-14T10:54:32 MESZ" duration-ms="1163" status="PASS">
          <reporter-output>
          </reporter-output>
        </test-method> <!-- testUpdateUserByName -->
        <test-method signature="testDeleteUserByName()[pri:4, instance:api.test.UserTests@35ef1869]" started-at="2023-04-14T10:54:32 MESZ" name="testDeleteUserByName" finished-at="2023-04-14T10:54:32 MESZ" duration-ms="570" status="PASS">
          <reporter-output>
          </reporter-output>
        </test-method> <!-- testDeleteUserByName -->
      </class> <!-- api.test.UserTests -->
    </test> <!-- Test -->
  </suite> <!-- Suite -->
</testng-results>
