<?xml version="1.0" encoding="UTF-8"?>
<testng-results ignored="0" total="4" passed="4" failed="0" skipped="0">
  <reporter-output>
  </reporter-output>
  <suite started-at="2023-04-13T13:59:13 MESZ" name="Suite" finished-at="2023-04-13T13:59:17 MESZ" duration-ms="4661">
    <groups>
    </groups>
    <test started-at="2023-04-13T13:59:13 MESZ" name="Test" finished-at="2023-04-13T13:59:17 MESZ" duration-ms="4661">
      <class name="api.test.UserTests">
        <test-method is-config="true" signature="setup()[pri:0, instance:api.test.UserTests@35cabb2a]" started-at="2023-04-13T13:59:13 MESZ" name="setup" finished-at="2023-04-13T13:59:13 MESZ" duration-ms="475" status="PASS">
          <reporter-output>
          </reporter-output>
        </test-method> <!-- setup -->
        <test-method signature="testPostUser()[pri:1, instance:api.test.UserTests@35cabb2a]" started-at="2023-04-13T13:59:13 MESZ" name="testPostUser" finished-at="2023-04-13T13:59:15 MESZ" duration-ms="1651" status="PASS">
          <reporter-output>
          </reporter-output>
        </test-method> <!-- testPostUser -->
        <test-method signature="testGetUserByName()[pri:2, instance:api.test.UserTests@35cabb2a]" started-at="2023-04-13T13:59:15 MESZ" name="testGetUserByName" finished-at="2023-04-13T13:59:15 MESZ" duration-ms="611" status="PASS">
          <reporter-output>
          </reporter-output>
        </test-method> <!-- testGetUserByName -->
        <test-method signature="testUpdateUserByName()[pri:3, instance:api.test.UserTests@35cabb2a]" started-at="2023-04-13T13:59:15 MESZ" name="testUpdateUserByName" finished-at="2023-04-13T13:59:17 MESZ" duration-ms="1180" status="PASS">
          <reporter-output>
          </reporter-output>
        </test-method> <!-- testUpdateUserByName -->
        <test-method signature="testDeleteUserByName()[pri:4, instance:api.test.UserTests@35cabb2a]" started-at="2023-04-13T13:59:17 MESZ" name="testDeleteUserByName" finished-at="2023-04-13T13:59:17 MESZ" duration-ms="577" status="PASS">
          <reporter-output>
          </reporter-output>
        </test-method> <!-- testDeleteUserByName -->
      </class> <!-- api.test.UserTests -->
    </test> <!-- Test -->
  </suite> <!-- Suite -->
</testng-results>
